{
  "stats": {
    "suites": 1,
    "tests": 1,
    "passes": 1,
    "pending": 0,
    "failures": 0,
    "start": "2021-11-22T06:14:53.058Z",
    "end": "2021-11-22T06:14:56.296Z",
    "duration": 3238,
    "testsRegistered": 1,
    "passPercent": 100,
    "pendingPercent": 0,
    "other": 0,
    "hasOther": false,
    "skipped": 0,
    "hasSkipped": false
  },
  "results": [
    {
      "uuid": "bc129769-9638-4508-860f-87c1e9def324",
      "title": "",
      "fullFile": "",
      "file": "",
      "beforeHooks": [],
      "afterHooks": [],
      "tests": [],
      "suites": [
        {
          "uuid": "8c18cb67-fd01-4240-a28e-f8c750268126",
          "title": "add todo tests",
          "fullFile": "/Users/devonhickle/Desktop/seleniumDemo/test/firstTest.js",
          "file": "/test/firstTest.js",
          "beforeHooks": [
            {
              "title": "\"before each\" hook in \"add todo tests\"",
              "fullTitle": "add todo tests \"before each\" hook in \"add todo tests\"",
              "timedOut": false,
              "duration": 0,
              "state": null,
              "speed": null,
              "pass": false,
              "fail": false,
              "pending": false,
              "context": null,
              "code": "driver = new Builder()\n        .usingServer(gridUrl)\n        .withCapabilities(ltCapabilities.capabilities)\n        .build()",
              "err": {},
              "uuid": "8bef59f7-5fb2-419b-9950-f3f1a37813a6",
              "parentUUID": "8c18cb67-fd01-4240-a28e-f8c750268126",
              "isHook": true,
              "skipped": false
            }
          ],
          "afterHooks": [],
          "tests": [
            {
              "title": "successfully adds a new todo",
              "fullTitle": "add todo tests successfully adds a new todo",
              "timedOut": false,
              "duration": 3234,
              "state": "passed",
              "speed": "slow",
              "pass": true,
              "fail": false,
              "pending": false,
              "context": null,
              "code": "//Launch browser \n    let driver = await new Builder().forBrowser(\"chrome\").build();\n    //Navigate to application location \n    await driver.get(\"https://lambdatest.github.io/sample-todo-app/\"); \n    //Add to-do, for this test, using locators  \n     await driver\n     .findElement(By.id(\"sampletodotext\"))\n     .sendKeys(\"Learn Selenium\", Key.RETURN);\n    //Assertion, xpath to find last list element and return value \n    let todoText = await driver\n    .findElement(By.xpath(\"//li[last()]\"))\n    .getText()\n    .then(function(value){\n        return value\n    });\n    //Assert using Node Assertion - replaced by beforeEach \n    //assert.strictEqual(todoText, \"Learn Selenium\");\n    //Fail Test example\n    //assert.strictEqual(todoText, \"Learn Java\");\n    //Assert using Chai Should\n    todoText.should.equal(\"Learn Selenium\");\n    //Close browser - replaced by afterEach \n    await driver.quit();",
              "err": {},
              "uuid": "88427e3d-b88f-4d56-bebd-860bd1b37748",
              "parentUUID": "8c18cb67-fd01-4240-a28e-f8c750268126",
              "isHook": false,
              "skipped": false
            }
          ],
          "suites": [],
          "passes": [
            "88427e3d-b88f-4d56-bebd-860bd1b37748"
          ],
          "failures": [],
          "pending": [],
          "skipped": [],
          "duration": 3234,
          "root": false,
          "rootEmpty": false,
          "_timeout": 0
        }
      ],
      "passes": [],
      "failures": [],
      "pending": [],
      "skipped": [],
      "duration": 0,
      "root": true,
      "rootEmpty": true,
      "_timeout": 0
    }
  ],
  "meta": {
    "mocha": {
      "version": "9.1.3"
    },
    "mochawesome": {
      "options": {
        "quiet": false,
        "reportFilename": "mochawesome",
        "saveHtml": true,
        "saveJson": true,
        "consoleReporter": "spec",
        "useInlineDiffs": false,
        "code": true
      },
      "version": "7.0.1"
    },
    "marge": {
      "options": null,
      "version": "6.0.1"
    }
  }
}